2021-06-06 15:55:42,665 [      0]   INFO -        #com.intellij.idea.Main - ------------------------------------------------------ IDE STARTED ------------------------------------------------------ 
2021-06-06 15:55:42,683 [     18]   INFO -        #com.intellij.idea.Main - IDE: IntelliJ IDEA (build #IU-202.7660.26, 06 Oct 2020 16:32) 
2021-06-06 15:55:42,684 [     19]   INFO -        #com.intellij.idea.Main - OS: Windows 10 (10.0, amd64) 
2021-06-06 15:55:42,685 [     20]   INFO -        #com.intellij.idea.Main - JRE: 11.0.8+10-b944.34 (JetBrains s.r.o.) 
2021-06-06 15:55:42,686 [     21]   INFO -        #com.intellij.idea.Main - JVM: 11.0.8+10-b944.34 (OpenJDK 64-Bit Server VM) 
2021-06-06 15:55:42,688 [     23]   INFO -        #com.intellij.idea.Main - JVM Args: -Didea.auto.reload.plugins=true -Didea.classpath.index.enabled=false -Didea.config.path=D:\CustomProject\mybatis-custom-plugin\idea-sandbox\config -Didea.is.internal=true -Didea.plugins.path=D:\CustomProject\mybatis-custom-plugin\idea-sandbox\plugins -Didea.required.plugins.id=com.lansoft.custom_mybatis_plugin -Didea.system.path=D:\CustomProject\mybatis-custom-plugin\idea-sandbox\system -agentlib:jdwp=transport=dt_socket,server=n,suspend=y,address=127.0.0.1:50330 -Xms256m -Xmx512m -Dfile.encoding=UTF-8 -Duser.country=CN -Duser.language=zh -Duser.variant -ea 
2021-06-06 15:55:42,688 [     23]   INFO -        #com.intellij.idea.Main - library path: E:\Warehouse\caches\modules-2\files-2.1\com.jetbrains\jbre\jbr-11_0_8-windows-x64-b944.34\jbr\bin;C:\WINDOWS\Sun\Java\bin;C:\WINDOWS\system32;C:\WINDOWS;C:\Program Files\Common Files\Oracle\Java\javapath;C:\Program Files (x86)\VMware\VMware Workstation\bin\;C:\Program Files\VanDyke Software\Clients\;C:\Program Files (x86)\Common Files\Oracle\Java\javapath;C:\WINDOWS\system32;C:\WINDOWS;C:\WINDOWS\System32\Wbem;C:\WINDOWS\System32\WindowsPowerShell\v1.0\;C:\WINDOWS\System32\OpenSSH\;C:\Program Files\TortoiseSVN\bin;C:\Program Files\Java\jdk1.8.0_281\bin;C:\Program Files\nodejs\;D:\Program Files\PostgreSQL\12\bin;C:\Program Files\Git\cmd;C:\Users\zhenshizhiwu\AppData\Local\Microsoft\WindowsApps;;D:\javaTool\IntelliJ IDEA 2021.1\bin;;C:\Users\zhenshizhiwu\AppData\Roaming\npm;D:\javaTool\DataGrip 2021.1\bin;;. 
2021-06-06 15:55:42,688 [     23]   INFO -        #com.intellij.idea.Main - boot library path: E:\Warehouse\caches\modules-2\files-2.1\com.jetbrains\jbre\jbr-11_0_8-windows-x64-b944.34\jbr\bin 
2021-06-06 15:55:42,692 [     27]   INFO -        #com.intellij.idea.Main - locale=zh_CN JNU=GBK file.encoding=UTF-8
  idea.config.path=D:\CustomProject\mybatis-custom-plugin\idea-sandbox\config
  idea.system.path=D:\CustomProject\mybatis-custom-plugin\idea-sandbox\system
  idea.plugins.path=D:\CustomProject\mybatis-custom-plugin\idea-sandbox\plugins
  idea.log.path=D:\CustomProject\mybatis-custom-plugin\idea-sandbox\system/log 
2021-06-06 15:55:43,571 [    906]   INFO - ntellij.idea.ApplicationLoader - CPU cores: 12; ForkJoinPool.commonPool: java.util.concurrent.ForkJoinPool@4eb0e570[Running, parallelism = 11, size = 0, active = 0, running = 0, steals = 0, tasks = 0, submissions = 0]; factory: com.intellij.concurrency.IdeaForkJoinWorkerThreadFactory@5a112d3e 
2021-06-06 15:55:43,632 [    967]   INFO -        #com.intellij.idea.Main - JNA library (64-bit) loaded in 940 ms 
2021-06-06 15:55:43,637 [    972]   INFO - penapi.util.io.win32.IdeaWin32 - Native filesystem for Windows is operational 
2021-06-06 15:55:43,728 [   1063]   INFO - llij.ide.plugins.PluginManager - Loaded bundled plugins: IDEA CORE (202.7660.26), com.intellij.platform.images (202.7660.26), JetBrains maven model api classes (202.7660.26), JetBrains Repository Search (202.7660.26), HTML Tools (202.7660.26), Perforce (202.7660.26), Refactor-X (202.7660.26), Subversion (202.7660.26), XPathView + XSLT (202.7660.26), XSLT Debugger (202.7660.26), Smali Support (202.7660.26), IDE Settings Sync (202.7660.26), Configuration Script (202.7660.26), Copyright (202.7660.26), CSS (202.7660.26), W3C Validators (202.7660.26), Less (202.7660.26), Sass (202.7660.26), Stylus (202.7660.26), Gradle (202.7660.26), Java (202.7660.26), Bytecode Viewer (202.7660.26), JUnit (202.7660.26), ZKM-Unscramble (202.7660.26), Spring AOP/@AspectJ (202.7660.26), Dependency Structure Matrix (202.7660.26), Java IDE Customization (202.7660.26), Java Stream Debugger (202.7660.26), Eclipse Interoperability (202.7660.26), Java Bytecode Decompiler (202.7660.26), Recommenders for Java and Python (202.7660.26), macOS Light Theme (202.7660.26), Windows 10 Light Theme (202.7660.26), Properties (202.7660.26), Ant (202.7660.26), UML (202.7660.26), Guice (202.7660.26), Java Internationalization (202.7660.26), UI Designer (202.7660.26), Velocity (202.7660.26), Resource Bundle Editor (202.7660.26), Machine Learning Code Completion (202.7660.26), Task Management (202.7660.26), Time Tracking (202.7660.26), FTP/SFTP Connectivity (ex. Remote Hosts Access) (202.7660.26), Gherkin (202.7660.26), Cucumber for Java (202.7660.26), Mercurial (202.7660.26), Webp Support (202.7660.26), EditorConfig (202.7660.26), Haml (202.7660.26), Terminal (202.7660.26), Git (202.7660.26), ChangeReminder (202.7660.26), Next File Prediction (202.7660.26), GitHub (202.7660.26), Performance Testing (202.7660.26), Shared Indexes (202.7660.26), SSH Remote Run (202.7660.26), WSL Support Framework (202.7660.26), Shell Script (202.7660.26), TextMate Bundles (202.7660.26), YAML (202.7660.26), Docker (202.7660.26), Microservices Application Configuration (202.7660.26), Settings Repository (202.7660.26), IntelliLang (202.7660.26), TestNG (202.7660.26), Code Coverage for Java (202.7660.26), Emma (202.7660.26), Groovy (202.7660.26), Cucumber for Groovy (202.7660.26), Maven (202.7660.26), AspectJ (202.7660.26), Gradle-Java (202.7660.26), Plugin DevKit (202.7660.26), Gradle Extension (202.7660.26), Frameworks Starters (202.7660.26), Gradle-Maven (202.7660.26), Reactive Streams (Reactor, RxJava) (202.7660.26), JavaFX (202.7660.26), Markdown (202.7660.26), Grazie (202.7660.26), JavaScript and TypeScript (202.7660.26), JavaScript Intention Power Pack (202.7660.26), TSLint (202.7660.26), Angular and AngularJS (202.7660.26), Database Tools and SQL (202.7660.26), Java SQL Libraries (202.7660.26), Persistence Frameworks (202.7660.26), Java EE Platform (202.7660.26), JavaScript Debugger (202.7660.26), Node.js (202.7660.26), Spy-js (202.7660.26), CoffeeScript (202.7660.26), Kotlin (1.3.72-release-IJ2020.1-6), Android (10.4.0.202.7660.26), Java EE: Persistence (JPA) (202.7660.26), Java EE: Enterprise Java Beans (EJB) (202.7660.26), Hibernate (202.7660.26), Java EE: Bean Validation (202.7660.26), Java EE: Contexts and Dependency Injection (CDI) (202.7660.26), Helidon (202.7660.26), Java EE: Batch Applications (202.7660.26), Java EE: Application Servers Integration (202.7660.26), GlassFish (202.7660.26), WildFly (202.7660.26), Debugger Support for JSP (JSR45) (202.7660.26), Jetty (202.7660.26), Tomcat and TomEE (202.7660.26), WebSphere (202.7660.26), WebLogic (202.7660.26), Java EE: Web/Servlets (202.7660.26), Java Server Pages (JSP) (202.7660.26), Java EE: Server Faces (JSF) (202.7660.26), Application Servers View (202.7660.26), Java EE: Message Service (JMS) (202.7660.26), Java EE: WebSockets (202.7660.26), JBoss Frameworks Base (202.7660.26), Drools (202.7660.26), Arquillian (202.7660.26), Java EE: Gradle Integration (202.7660.26), Spring (202.7660.26), Spring Security (202.7660.26), Thymeleaf (202.7660.26), Spring Data (202.7660.26), Java EE: Web Services (JAX-WS) (202.7660.26), Spring Web Services (202.7660.26), Grails (202.7660.26), FreeMarker (202.7660.26), Spring Batch (202.7660.26), Spring Messaging (202.7660.26), Spring Integration Patterns (202.7660.26), Spring WebSocket (202.7660.26), Spring OSGi (202.7660.26), Maven Extension (202.7660.26), HTTP Client (202.7660.26), Spring MVC (202.7660.26), Spring Web Flow (202.7660.26), Spring Boot (202.7660.26), Java EE: RESTful Web Services (JAX-RS) (202.7660.26), Quarkus (202.7660.26), Micronaut (202.7660.26), Java HTTP Clients (202.7660.26), OpenAPI Specifications (202.7660.26) 
2021-06-06 15:55:43,728 [   1063]   INFO - llij.ide.plugins.PluginManager - Loaded custom plugins: Custom MybatisPlus Generator (1.0-SNAPSHOT) 
2021-06-06 15:55:43,901 [   1236]   INFO - cloudConfig.CloudConfigManager - === Exit: JBA_NOT_FOUND === 
2021-06-06 15:55:44,219 [   1554]   INFO - m.intellij.util.io.StorageLock - lower=100; upper=492; buffer=10; max=492 
2021-06-06 15:55:44,237 [   1572]   INFO - tellij.util.io.FileChannelUtil - un-interruptible FileChannel-s will be used for indexes 
2021-06-06 15:55:44,263 [   1598]   INFO - til.net.ssl.CertificateManager - Default SSL context initialized 
2021-06-06 15:55:44,335 [   1670]   WARN - j.internal.DebugAttachDetector - Unable to start DebugAttachDetector, please add `--add-exports java.base/jdk.internal.vm=ALL-UNNAMED` to VM options 
2021-06-06 15:55:44,355 [   1690]   INFO - cation.options.RegistryManager - Registry values changed by user: java.completion.argument.hints.internal = false 
2021-06-06 15:55:44,376 [   1711]   INFO - com.intellij.ide.ui.UISettings - Loaded: fontSize=13, fontScale=1.0; restored: fontSize=13, fontScale=1.0 
2021-06-06 15:55:44,643 [   1978]   INFO - atform.impl.SharedIndexStorage - Shared Indexes Storage is opened: <empty> 
2021-06-06 15:55:44,662 [   1997]   INFO - rains.ide.BuiltInServerManager - built-in server started, port 63343 
2021-06-06 15:55:44,785 [   2120]   INFO - gs.impl.UpdateCheckerComponent - channel: release 
2021-06-06 15:55:44,922 [   2257]   INFO - penapi.application.Experiments - Experimental features enabled for user: wsl.p9.support, wsl.p9.show.roots.in.file.chooser, inline.browse.button, linux.native.menu, recent.and.edited.files.together, show.create.new.element.in.popup, copy.reference.popup, new.large.text.file.viewer, property.value.inplace.editing, terminal.shell.command.handling 
2021-06-06 15:55:45,068 [   2403]   INFO - BridgeProjectLifecycleListener - Using legacy project model to open project 
2021-06-06 15:55:45,477 [   2812]   INFO - pl.local.NativeFileWatcherImpl - Starting file watcher: E:\Warehouse\caches\modules-2\files-2.1\com.jetbrains.intellij.idea\ideaIU\2020.2.3\5d73e54c0f8f8bc6122ef8f066a640e44b9bef1a\ideaIU-2020.2.3\bin\win\fsnotifier64.exe 
2021-06-06 15:55:45,551 [   2886]   INFO - pl.local.NativeFileWatcherImpl - Native file watcher is operational. 
2021-06-06 15:55:45,926 [   3261]   INFO - rojectCodeStyleSettingsManager - Initialized from default code style settings. 
2021-06-06 15:55:46,330 [   3665]   WARN - Container.ComponentManagerImpl - Do not use constructor injection (requestorClass=org.jetbrains.android.compose.AndroidComposeAutoDocumentation) 
2021-06-06 15:55:47,449 [   4784]   INFO - j.ide.script.IdeStartupScripts - 0 startup script(s) found 
2021-06-06 15:55:47,524 [   4859]   WARN - tartup.impl.StartupManagerImpl - Activities registered via registerPostStartupActivity must be dumb-aware: org.jetbrains.kotlin.idea.configuration.ui.KotlinConfigurationCheckerComponent$projectOpened$1@79a87421 
2021-06-06 15:55:48,132 [   5467]   INFO - llij.database.util.SqlDialects - SQL dialects initialized in 0 ms 
2021-06-06 15:55:48,487 [   5822]   INFO - leBasedIndexDataInitialization - Initialization done: 4072 
2021-06-06 15:55:49,924 [   7259]   INFO - exImpl$StubIndexInitialization - Initialization done: 1437 
2021-06-06 15:55:49,927 [   7262]   INFO -              PerformancePlugin - Performance Plugin is in silent mode 
2021-06-06 15:55:50,877 [   8212]   INFO - ge.ExternalProjectsDataStorage - Load external projects data in 15 millis (read time: 2) 
2021-06-06 15:55:50,898 [   8233]   INFO - roject.DumbServiceGuiTaskQueue - Running dumb mode task: com.intellij.util.indexing.UnindexedFilesUpdater@5d172826 
2021-06-06 15:55:50,903 [   8238]   INFO - cloudConfig.CloudConfigManager - === StatusBar ignored === 
2021-06-06 15:55:51,166 [   8501]   INFO - .OnDiskSharedIndexChunkLocator - Scanning D:\CustomProject\mybatis-custom-plugin\idea-sandbox\system\shared-index for shared indexes... 
2021-06-06 15:55:51,429 [   8764]   INFO - ProjectRootPostStartUpActivity - D:/project/test_project/empty/.idea case-sensitivity: expected=false actual=false 
2021-06-06 15:55:51,817 [   9152]   INFO - .diagnostic.PerformanceWatcher - Post-startup activities under progress took 1625ms; general responsiveness: ok; EDT responsiveness: ok 
2021-06-06 15:55:52,025 [   9360]   INFO - .diagnostic.PerformanceWatcher - Pushing properties took 1123ms; general responsiveness: ok; EDT responsiveness: 0/1 sluggish, 1/1 very slow 
2021-06-06 15:55:52,056 [   9391]   INFO - tor.impl.FileEditorManagerImpl - Project opening took 7117 ms 
2021-06-06 15:55:52,063 [   9398]   INFO - ots.impl.jdkDownloader.JdkAuto - Looking for a local SDK for JDK with name com.intellij.openapi.projectRoots.impl.UnknownInvalidSdk@209d656b 
2021-06-06 15:55:52,639 [   9974]   INFO - .diagnostic.PerformanceWatcher - Indexable file iteration took 613ms; general responsiveness: ok; EDT responsiveness: ok 
2021-06-06 15:55:52,650 [   9985]   INFO - indexing.UnindexedFilesUpdater - Unindexed files update started: 1 files to index 
2021-06-06 15:55:52,652 [   9987]   INFO - indexing.UnindexedFilesUpdater - Using 4 threads for indexing 
2021-06-06 15:55:52,734 [  10069]   WARN - com.intellij.util.xmlb.Binding - no accessors for org.jetbrains.kotlin.idea.highlighter.KotlinDefaultHighlightingSettingsProvider 
2021-06-06 15:55:52,792 [  10127]   INFO - .diagnostic.PerformanceWatcher - Unindexed files update took 142ms; general responsiveness: ok; EDT responsiveness: ok 
2021-06-06 15:55:52,793 [  10128]   INFO - snapshot.SnapshotInputMappings - Snapshot mappings stats for java.cucumber.java8.step. requests: 0, hits: 0, misses: 0 
2021-06-06 15:55:52,794 [  10129]   INFO - snapshot.SnapshotInputMappings - Snapshot mappings stats for java.binary.plus.expression. requests: 0, hits: 0, misses: 0 
2021-06-06 15:55:52,794 [  10129]   INFO - snapshot.SnapshotInputMappings - Snapshot mappings stats for java.fun.expression. requests: 0, hits: 0, misses: 0 
2021-06-06 15:55:52,794 [  10129]   INFO - snapshot.SnapshotInputMappings - Snapshot mappings stats for java.null.method.argument. requests: 0, hits: 0, misses: 0 
2021-06-06 15:55:52,794 [  10129]   INFO - snapshot.SnapshotInputMappings - Snapshot mappings stats for bytecodeAnalysis. requests: 0, hits: 0, misses: 0 
2021-06-06 15:55:52,794 [  10129]   INFO - snapshot.SnapshotInputMappings - Snapshot mappings stats for HashFragmentIndex. requests: 0, hits: 0, misses: 0 
2021-06-06 15:55:52,794 [  10129]   INFO - snapshot.SnapshotInputMappings - Snapshot mappings stats for Trigram.Index. requests: 1, hits: 1, misses: 0 
2021-06-06 15:55:52,794 [  10129]   INFO - snapshot.SnapshotInputMappings - Snapshot mappings stats for IdIndex. requests: 1, hits: 1, misses: 0 
2021-06-06 15:55:52,794 [  10129]   INFO - snapshot.SnapshotInputMappings - Snapshot mappings stats for TodoIndex. requests: 1, hits: 1, misses: 0 
2021-06-06 15:55:52,795 [  10130]   INFO - roject.DumbServiceGuiTaskQueue - Running dumb mode task: com.intellij.util.indexing.FileBasedIndexProjectHandler$2@57b8215d [Project(name=empty, containerState=ACTIVE, componentStore=D:\project\test_project\empty), ] 
2021-06-06 15:55:52,797 [  10132]   INFO - g.FileBasedIndexProjectHandler - Reindexing refreshed files: 0 to update, calculated in 1ms 
2021-06-06 15:55:52,799 [  10134]   INFO - penapi.project.DumbServiceImpl - updateFinished 
2021-06-06 15:55:52,804 [  10139]   INFO - g.FileBasedIndexProjectHandler - Has changed files: false; project=Project(name=empty, containerState=ACTIVE, componentStore=D:\project\test_project\empty) 
2021-06-06 15:55:52,966 [  10301]   INFO - roject.DumbServiceGuiTaskQueue - Running dumb mode task: com.android.tools.idea.res.ResourceFolderRepositoryFileCacheImpl$PruneTask@3fabf2d3 
2021-06-06 15:55:52,970 [  10305]   INFO - roject.DumbServiceGuiTaskQueue - Running dumb mode task: com.android.tools.idea.res.ResourceFolderRepositoryFileCacheImpl$ManageLruProjectFilesTask@219ec261 
2021-06-06 15:55:53,041 [  10376]   INFO - penapi.project.DumbServiceImpl - updateFinished 
2021-06-06 15:55:53,043 [  10378]   INFO - g.FileBasedIndexProjectHandler - Has changed files: false; project=Project(name=empty, containerState=ACTIVE, componentStore=D:\project\test_project\empty) 
2021-06-06 15:55:53,068 [  10403]   INFO - CompilerWorkspaceConfiguration - Available processors: 12 
2021-06-06 15:55:53,077 [  10412]   INFO - roject.DumbServiceGuiTaskQueue - Running dumb mode task: com.android.tools.idea.res.ResourceFolderRegistry$PopulateCachesTask@513cde20 
2021-06-06 15:55:53,109 [  10444]   INFO - penapi.project.DumbServiceImpl - updateFinished 
2021-06-06 15:55:53,110 [  10445]   INFO - g.FileBasedIndexProjectHandler - Has changed files: false; project=Project(name=empty, containerState=ACTIVE, componentStore=D:\project\test_project\empty) 
2021-06-06 15:55:57,090 [  14425]   INFO - gnostic.WindowsDefenderChecker - Windows Defender status: not used 
2021-06-06 15:56:12,895 [  30230]   INFO - .diagnostic.PerformanceWatcher - Searching for external libraries with Android resources. Found 0 libraries. took 6ms; general responsiveness: ok; EDT responsiveness: ok 
2021-06-06 15:56:13,074 [  30409]   INFO - nSession$CountedThreadExecutor - DbSrcWriter stopped 
2021-06-06 15:56:16,262 [  33597]   INFO - ution.rmi.RemoteProcessSupport - E:\Warehouse\caches\modules-2\files-2.1\com.jetbrains\jbre\jbr-11_0_8-windows-x64-b944.34\jbr\bin\java -Djava.rmi.server.hostname=127.0.0.1 -Duser.timezone=UTC -Xmx512m -Xms256m -Dfile.encoding=UTF-8 -classpath E:\Warehouse\caches\modules-2\files-2.1\com.jetbrains.intellij.idea\ideaIU\2020.2.3\5d73e54c0f8f8bc6122ef8f066a640e44b9bef1a\ideaIU-2020.2.3\lib\util.jar;E:\Warehouse\caches\modules-2\files-2.1\com.jetbrains.intellij.idea\ideaIU\2020.2.3\5d73e54c0f8f8bc6122ef8f066a640e44b9bef1a\ideaIU-2020.2.3\lib\trove4j.jar;E:\Warehouse\caches\modules-2\files-2.1\com.jetbrains.intellij.idea\ideaIU\2020.2.3\5d73e54c0f8f8bc6122ef8f066a640e44b9bef1a\ideaIU-2020.2.3\lib\groovy-2.5.11.jar;E:\Warehouse\caches\modules-2\files-2.1\com.jetbrains.intellij.idea\ideaIU\2020.2.3\5d73e54c0f8f8bc6122ef8f066a640e44b9bef1a\ideaIU-2020.2.3\plugins\DatabaseTools\lib\jdbc-console.jar;E:\Warehouse\com\oracle\ojdbc7\12.1.0.1.0\ojdbc7-12.1.0.1.0.jar com.intellij.database.remote.RemoteJdbcServer oracle.jdbc.OracleDriver 
2021-06-06 15:56:17,444 [  34779]   INFO - ution.rmi.RemoteProcessSupport - Port/ID: 61499/RemoteDriverImplf34f9f4c 
2021-06-06 15:57:32,896 [ 110231]   INFO - atabaseCredentialsAuthProvider - Connecting as: wfadmin 
2021-06-06 15:57:32,904 [ 110239]   INFO - .DatabaseConnectionEstablisher - Connecting to: jdbc:oracle:thin:@59.110.229.141:1521/iomdb 
2021-06-06 15:57:32,958 [ 110293]   WARN - .diagnostic.PerformanceWatcher - UI was frozen for 34910ms, details saved to D:\CustomProject\mybatis-custom-plugin\idea-sandbox\system\log\threadDumps-freeze-20210606-155711-IU-202.7660.26-StringLatin1.indexOf-34sec 
2021-06-06 16:32:56,323 [2233658]   WARN - ution.rmi.RemoteProcessSupport - java.rmi.ConnectIOException: error during JRMP connection establishment; nested exception is: 
2021-06-06 16:32:56,514 [2233849]   WARN - ution.rmi.RemoteProcessSupport - java.net.SocketTimeoutException: Read timed out 
2021-06-06 16:32:56,514 [2233849]   WARN - ution.rmi.RemoteProcessSupport - at java.rmi/sun.rmi.transport.tcp.TCPChannel.createConnection(TCPChannel.java:300) 
2021-06-06 16:32:56,514 [2233849]   WARN - ution.rmi.RemoteProcessSupport - at java.rmi/sun.rmi.transport.tcp.TCPChannel.newConnection(TCPChannel.java:196) 
2021-06-06 16:32:56,515 [2233850]   WARN - ution.rmi.RemoteProcessSupport - at java.rmi/sun.rmi.server.UnicastRef.invoke(UnicastRef.java:132) 
2021-06-06 16:32:56,515 [2233850]   WARN - ution.rmi.RemoteProcessSupport - at java.rmi/java.rmi.server.RemoteObjectInvocationHandler.invokeRemoteMethod(RemoteObjectInvocationHandler.java:217) 
2021-06-06 16:32:56,515 [2233850]   WARN - ution.rmi.RemoteProcessSupport - at java.rmi/java.rmi.server.RemoteObjectInvocationHandler.invoke(RemoteObjectInvocationHandler.java:162) 
2021-06-06 16:32:56,515 [2233850]   WARN - ution.rmi.RemoteProcessSupport - at com.sun.proxy.$Proxy3.ping(Unknown Source) 
2021-06-06 16:32:56,515 [2233850]   WARN - ution.rmi.RemoteProcessSupport - at com.intellij.execution.rmi.RemoteServer.start(RemoteServer.java:94) 
2021-06-06 16:32:56,515 [2233850]   WARN - ution.rmi.RemoteProcessSupport - at com.intellij.database.remote.RemoteJdbcServerBase.start(RemoteJdbcServerBase.java:11) 
2021-06-06 16:32:56,515 [2233850]   WARN - ution.rmi.RemoteProcessSupport - at com.intellij.database.remote.RemoteJdbcServer.main(RemoteJdbcServer.java:15) 
2021-06-06 16:32:56,515 [2233850]   WARN - ution.rmi.RemoteProcessSupport - Caused by: java.net.SocketTimeoutException: Read timed out 
2021-06-06 16:32:56,724 [2234059]   WARN - ution.rmi.RemoteProcessSupport - at java.base/java.net.SocketInputStream.socketRead0(Native Method) 
2021-06-06 16:32:56,724 [2234059]   WARN - ution.rmi.RemoteProcessSupport - at java.base/java.net.SocketInputStream.socketRead(SocketInputStream.java:115) 
2021-06-06 16:32:56,724 [2234059]   WARN - ution.rmi.RemoteProcessSupport - at java.base/java.net.SocketInputStream.read(SocketInputStream.java:168) 
2021-06-06 16:32:56,724 [2234059]   WARN - ution.rmi.RemoteProcessSupport - at java.base/java.net.SocketInputStream.read(SocketInputStream.java:140) 
2021-06-06 16:32:56,724 [2234059]   WARN - ution.rmi.RemoteProcessSupport - at java.base/java.io.BufferedInputStream.fill(BufferedInputStream.java:252) 
2021-06-06 16:32:56,724 [2234059]   WARN - ution.rmi.RemoteProcessSupport - at java.base/java.io.BufferedInputStream.read(BufferedInputStream.java:271) 
2021-06-06 16:32:56,725 [2234060]   WARN - ution.rmi.RemoteProcessSupport - at java.base/java.io.DataInputStream.readByte(DataInputStream.java:270) 
2021-06-06 16:32:56,725 [2234060]   WARN - ution.rmi.RemoteProcessSupport - at java.rmi/sun.rmi.transport.tcp.TCPChannel.createConnection(TCPChannel.java:239) 
2021-06-06 16:32:56,725 [2234060]   WARN - ution.rmi.RemoteProcessSupport - ... 8 more 
2021-06-06 16:32:56,853 [2234188]   INFO - ution.rmi.RemoteProcessSupport - Process finished with exit code 1 
2021-06-06 16:33:02,885 [2240220]   WARN - ion.impl.NotificationCollector - Notification group 'Heap Dump Analysis' is already registered in whitelist 
2021-06-06 16:33:02,885 [2240220]   WARN - ion.impl.NotificationCollector - Notification group 'Low Memory' is already registered in whitelist 
2021-06-06 16:33:08,264 [2245599]   INFO - ution.rmi.RemoteProcessSupport - E:\Warehouse\caches\modules-2\files-2.1\com.jetbrains\jbre\jbr-11_0_8-windows-x64-b944.34\jbr\bin\java -Djava.rmi.server.hostname=127.0.0.1 -Duser.timezone=UTC -Xmx512m -Xms256m -Dfile.encoding=UTF-8 -classpath E:\Warehouse\caches\modules-2\files-2.1\com.jetbrains.intellij.idea\ideaIU\2020.2.3\5d73e54c0f8f8bc6122ef8f066a640e44b9bef1a\ideaIU-2020.2.3\lib\util.jar;E:\Warehouse\caches\modules-2\files-2.1\com.jetbrains.intellij.idea\ideaIU\2020.2.3\5d73e54c0f8f8bc6122ef8f066a640e44b9bef1a\ideaIU-2020.2.3\lib\trove4j.jar;E:\Warehouse\caches\modules-2\files-2.1\com.jetbrains.intellij.idea\ideaIU\2020.2.3\5d73e54c0f8f8bc6122ef8f066a640e44b9bef1a\ideaIU-2020.2.3\lib\groovy-2.5.11.jar;E:\Warehouse\caches\modules-2\files-2.1\com.jetbrains.intellij.idea\ideaIU\2020.2.3\5d73e54c0f8f8bc6122ef8f066a640e44b9bef1a\ideaIU-2020.2.3\plugins\DatabaseTools\lib\jdbc-console.jar;E:\Warehouse\com\oracle\ojdbc7\12.1.0.1.0\ojdbc7-12.1.0.1.0.jar com.intellij.database.remote.RemoteJdbcServer oracle.jdbc.OracleDriver 
2021-06-06 16:33:09,352 [2246687]   INFO - ution.rmi.RemoteProcessSupport - Port/ID: 21682/RemoteDriverImpldb06c4cd 
2021-06-06 16:33:44,550 [2281885]   WARN - ution.rmi.RemoteProcessSupport - java.rmi.NotBoundException: _DEAD_HAND_ 
2021-06-06 16:33:44,551 [2281886]   INFO - atabaseCredentialsAuthProvider - Connecting as: wfadmin 
2021-06-06 16:33:44,553 [2281888]   WARN - ution.rmi.RemoteProcessSupport - The cook failed to start due to java.net.SocketException: Connection reset 
2021-06-06 16:33:44,553 [2281888]   WARN - ution.rmi.RemoteProcessSupport - at java.rmi/sun.rmi.registry.RegistryImpl.lookup(RegistryImpl.java:234) 
2021-06-06 16:33:44,553 [2281888]   WARN - ution.rmi.RemoteProcessSupport - at com.intellij.execution.rmi.RemoteServer.start(RemoteServer.java:93) 
2021-06-06 16:33:44,554 [2281889]   INFO - .DatabaseConnectionEstablisher - Connecting to: jdbc:oracle:thin:@59.110.229.141:1521/iomdb 
2021-06-06 16:33:44,554 [2281889]   WARN - ution.rmi.RemoteProcessSupport - at com.intellij.database.remote.RemoteJdbcServerBase.start(RemoteJdbcServerBase.java:11) 
2021-06-06 16:33:44,554 [2281889]   WARN - ution.rmi.RemoteProcessSupport - at com.intellij.database.remote.RemoteJdbcServer.main(RemoteJdbcServer.java:15) 
2021-06-06 16:33:44,555 [2281890]   INFO - ution.rmi.RemoteProcessSupport - Process finished with exit code 1 
2021-06-06 16:33:44,932 [2282267]   INFO - rationStore.ComponentStoreImpl - Saving appDebuggerSettings took 14 ms 
2021-06-06 16:33:44,989 [2282324]   WARN - com.intellij.util.xmlb.Binding - no accessors for org.jetbrains.kotlin.idea.core.script.configuration.utils.ScriptClassRootsStorage 
2021-06-06 16:33:45,022 [2282357]   INFO - rationStore.ComponentStoreImpl - Saving Project(name=empty, containerState=ACTIVE, componentStore=D:\project\test_project\empty)XDebuggerManager took 12 ms 
2021-06-06 16:33:46,734 [2284069]   INFO - .diagnostic.PerformanceWatcher - Searching for external libraries with Android resources. Found 0 libraries. took 0ms; general responsiveness: ok; EDT responsiveness: ok 
2021-06-06 16:34:03,594 [2300929]   INFO - ution.rmi.RemoteProcessSupport - E:\Warehouse\caches\modules-2\files-2.1\com.jetbrains\jbre\jbr-11_0_8-windows-x64-b944.34\jbr\bin\java -Djava.rmi.server.hostname=127.0.0.1 -Duser.timezone=UTC -Xmx512m -Xms256m -Dfile.encoding=UTF-8 -classpath E:\Warehouse\caches\modules-2\files-2.1\com.jetbrains.intellij.idea\ideaIU\2020.2.3\5d73e54c0f8f8bc6122ef8f066a640e44b9bef1a\ideaIU-2020.2.3\lib\util.jar;E:\Warehouse\caches\modules-2\files-2.1\com.jetbrains.intellij.idea\ideaIU\2020.2.3\5d73e54c0f8f8bc6122ef8f066a640e44b9bef1a\ideaIU-2020.2.3\lib\trove4j.jar;E:\Warehouse\caches\modules-2\files-2.1\com.jetbrains.intellij.idea\ideaIU\2020.2.3\5d73e54c0f8f8bc6122ef8f066a640e44b9bef1a\ideaIU-2020.2.3\lib\groovy-2.5.11.jar;E:\Warehouse\caches\modules-2\files-2.1\com.jetbrains.intellij.idea\ideaIU\2020.2.3\5d73e54c0f8f8bc6122ef8f066a640e44b9bef1a\ideaIU-2020.2.3\plugins\DatabaseTools\lib\jdbc-console.jar;E:\Warehouse\com\oracle\ojdbc7\12.1.0.1.0\ojdbc7-12.1.0.1.0.jar com.intellij.database.remote.RemoteJdbcServer oracle.jdbc.OracleDriver 
2021-06-06 16:34:04,671 [2302006]   INFO - ution.rmi.RemoteProcessSupport - Port/ID: 26231/RemoteDriverImple75f4ebb 
2021-06-06 16:34:28,535 [2325870]   WARN - ution.rmi.RemoteProcessSupport - java.rmi.NotBoundException: _DEAD_HAND_ 
2021-06-06 16:34:28,535 [2325870]   WARN - ution.rmi.RemoteProcessSupport - The cook failed to start due to java.net.SocketException: Connection reset 
2021-06-06 16:34:28,558 [2325893]   WARN - ution.rmi.RemoteProcessSupport - at java.rmi/sun.rmi.registry.RegistryImpl.lookup(RegistryImpl.java:234) 
2021-06-06 16:34:45,372 [2342707]   WARN - ution.rmi.RemoteProcessSupport - at com.intellij.execution.rmi.RemoteServer.start(RemoteServer.java:93) 
2021-06-06 16:34:46,900 [2344235]   WARN - ution.rmi.RemoteProcessSupport - at com.intellij.database.remote.RemoteJdbcServerBase.start(RemoteJdbcServerBase.java:11) 
2021-06-06 16:34:46,900 [2344235]   WARN - ution.rmi.RemoteProcessSupport - at com.intellij.database.remote.RemoteJdbcServer.main(RemoteJdbcServer.java:15) 
2021-06-06 16:34:46,901 [2344236]   INFO - atabaseCredentialsAuthProvider - Connecting as: wfadmin 
2021-06-06 16:34:46,901 [2344236]   INFO - ution.rmi.RemoteProcessSupport - Process finished with exit code 1 
2021-06-06 16:34:46,903 [2344238]   INFO - .DatabaseConnectionEstablisher - Connecting to: jdbc:oracle:thin:@59.110.229.141:1521/iomdb 
2021-06-06 16:34:46,908 [2344243]   WARN - .diagnostic.PerformanceWatcher - UI was frozen for 29574ms, details saved to D:\CustomProject\mybatis-custom-plugin\idea-sandbox\system\log\threadDumps-freeze-20210606-163428-IU-202.7660.26-ActionUpdater.lambda_doExpandActionGroup_19-29sec 
2021-06-06 16:35:22,726 [2380061]   WARN - .diagnostic.PerformanceWatcher - UI was frozen for 27427ms, details saved to D:\CustomProject\mybatis-custom-plugin\idea-sandbox\system\log\threadDumps-freeze-20210606-163454-IU-202.7660.26-CoreProgressManager.updateShouldCheckCanceled-27sec 
2021-06-06 16:35:44,793 [2402128]   INFO - rationStore.ComponentStoreImpl - Saving Project(name=empty, containerState=ACTIVE, componentStore=D:\project\test_project\empty)KotlinCommonCompilerArguments took 12 ms 
2021-06-06 16:35:45,337 [2402672]   INFO - pl.local.NativeFileWatcherImpl - Watcher terminated with exit code 0 
2021-06-06 16:35:45,361 [2402696]   INFO - org.jetbrains.io.BuiltInServer - web server stopped 
2021-06-06 16:35:45,361 [2402696]   INFO - .impl.FileTypeDetectionService - 0 auto-detected files. Detection took 0 ms 
2021-06-06 16:35:45,372 [2402707]   INFO - il.indexing.FileBasedIndexImpl - START INDEX SHUTDOWN 
2021-06-06 16:35:45,516 [2402851]   INFO - tellij.psi.stubs.StubIndexImpl - StubIndexExtension-s were unloaded 
2021-06-06 16:35:45,527 [2402862]   INFO - redIndexChunkConfigurationImpl - Shared index chunks shutdown was performed successful 
2021-06-06 16:35:45,527 [2402862]   INFO - il.indexing.FileBasedIndexImpl - END INDEX SHUTDOWN 
2021-06-06 16:35:45,527 [2402862]   INFO - newvfs.persistent.PersistentFS - VFS dispose started 
2021-06-06 16:35:45,534 [2402869]   INFO - newvfs.persistent.PersistentFS - VFS dispose completed 
2021-06-06 16:35:45,534 [2402869]   INFO - stubs.SerializationManagerImpl - Start shutting down D:\CustomProject\mybatis-custom-plugin\idea-sandbox\system\index\rep.names 
2021-06-06 16:35:45,534 [2402869]   INFO - stubs.SerializationManagerImpl - Finished shutting down D:\CustomProject\mybatis-custom-plugin\idea-sandbox\system\index\rep.names 
2021-06-06 16:35:45,535 [2402870]   INFO - plication.impl.ApplicationImpl - Write action Statistics:
Event number:     28
Total time spent: 861ms
Average duration: 30ms
Median  duration: 8ms
Max     duration: 260ms (it was 'write action (class com.intellij.openapi.vfs.newvfs.RefreshSessionImpl$$Lambda$2735/0x0000000101c44040)') 
2021-06-06 16:35:45,538 [2402873]   INFO - plication.impl.ApplicationImpl - AnAction.update() Statistics:
Event number:     5494
Total time spent: 43886ms
Average duration: 7ms
Median  duration: 0ms
Max     duration: 32767ms (it was 'Show Hidden Tabs action update (class com.intellij.ide.actions.TabListAction)') 
2021-06-06 16:35:45,538 [2402873]   INFO - plication.impl.ApplicationImpl - Global instance threads created counter = 30; ProcessIOExecutorService threads: 6 
2021-06-06 16:35:45,541 [2402876]   INFO -        #com.intellij.idea.Main - ------------------------------------------------------ IDE SHUTDOWN ------------------------------------------------------ 
2021-06-06 16:35:45,559 [2402894]   INFO - org.jetbrains.io.BuiltInServer - web server stopped 
2021-06-06 16:36:42,195 [      0]   INFO -        #com.intellij.idea.Main - ------------------------------------------------------ IDE STARTED ------------------------------------------------------ 
2021-06-06 16:36:42,257 [     62]   INFO -        #com.intellij.idea.Main - IDE: IntelliJ IDEA (build #IU-202.7660.26, 06 Oct 2020 16:32) 
2021-06-06 16:36:42,259 [     64]   INFO -        #com.intellij.idea.Main - OS: Windows 10 (10.0, amd64) 
2021-06-06 16:36:42,259 [     64]   INFO -        #com.intellij.idea.Main - JRE: 11.0.8+10-b944.34 (JetBrains s.r.o.) 
2021-06-06 16:36:42,259 [     64]   INFO -        #com.intellij.idea.Main - JVM: 11.0.8+10-b944.34 (OpenJDK 64-Bit Server VM) 
2021-06-06 16:36:42,260 [     65]   INFO -        #com.intellij.idea.Main - JVM Args: -Didea.auto.reload.plugins=true -Didea.classpath.index.enabled=false -Didea.config.path=D:\CustomProject\mybatis-custom-plugin\idea-sandbox\config -Didea.is.internal=true -Didea.plugins.path=D:\CustomProject\mybatis-custom-plugin\idea-sandbox\plugins -Didea.required.plugins.id=com.lansoft.custom_mybatis_plugin -Didea.system.path=D:\CustomProject\mybatis-custom-plugin\idea-sandbox\system -agentlib:jdwp=transport=dt_socket,server=n,suspend=y,address=127.0.0.1:62607 -Xms256m -Xmx512m -Dfile.encoding=UTF-8 -Duser.country=CN -Duser.language=zh -Duser.variant -ea 
2021-06-06 16:36:42,261 [     66]   INFO -        #com.intellij.idea.Main - library path: E:\Warehouse\caches\modules-2\files-2.1\com.jetbrains\jbre\jbr-11_0_8-windows-x64-b944.34\jbr\bin;C:\WINDOWS\Sun\Java\bin;C:\WINDOWS\system32;C:\WINDOWS;C:\Program Files\Common Files\Oracle\Java\javapath;C:\Program Files (x86)\VMware\VMware Workstation\bin\;C:\Program Files\VanDyke Software\Clients\;C:\Program Files (x86)\Common Files\Oracle\Java\javapath;C:\WINDOWS\system32;C:\WINDOWS;C:\WINDOWS\System32\Wbem;C:\WINDOWS\System32\WindowsPowerShell\v1.0\;C:\WINDOWS\System32\OpenSSH\;C:\Program Files\TortoiseSVN\bin;C:\Program Files\Java\jdk1.8.0_281\bin;C:\Program Files\nodejs\;D:\Program Files\PostgreSQL\12\bin;C:\Program Files\Git\cmd;C:\Users\zhenshizhiwu\AppData\Local\Microsoft\WindowsApps;;D:\javaTool\IntelliJ IDEA 2021.1\bin;;C:\Users\zhenshizhiwu\AppData\Roaming\npm;D:\javaTool\DataGrip 2021.1\bin;;. 
2021-06-06 16:36:42,261 [     66]   INFO -        #com.intellij.idea.Main - boot library path: E:\Warehouse\caches\modules-2\files-2.1\com.jetbrains\jbre\jbr-11_0_8-windows-x64-b944.34\jbr\bin 
2021-06-06 16:36:42,264 [     69]   INFO -        #com.intellij.idea.Main - locale=zh_CN JNU=GBK file.encoding=UTF-8
  idea.config.path=D:\CustomProject\mybatis-custom-plugin\idea-sandbox\config
  idea.system.path=D:\CustomProject\mybatis-custom-plugin\idea-sandbox\system
  idea.plugins.path=D:\CustomProject\mybatis-custom-plugin\idea-sandbox\plugins
  idea.log.path=D:\CustomProject\mybatis-custom-plugin\idea-sandbox\system/log 
2021-06-06 16:36:43,213 [   1018]   INFO -        #com.intellij.idea.Main - JNA library (64-bit) loaded in 949 ms 
2021-06-06 16:36:43,219 [   1024]   INFO - penapi.util.io.win32.IdeaWin32 - Native filesystem for Windows is operational 
2021-06-06 16:36:43,711 [   1516]   INFO - ntellij.idea.ApplicationLoader - CPU cores: 12; ForkJoinPool.commonPool: java.util.concurrent.ForkJoinPool@107b1834[Running, parallelism = 11, size = 0, active = 0, running = 0, steals = 0, tasks = 0, submissions = 0]; factory: com.intellij.concurrency.IdeaForkJoinWorkerThreadFactory@321fa8c5 
2021-06-06 16:36:43,874 [   1679]   INFO - llij.ide.plugins.PluginManager - Loaded bundled plugins: IDEA CORE (202.7660.26), com.intellij.platform.images (202.7660.26), JetBrains maven model api classes (202.7660.26), JetBrains Repository Search (202.7660.26), HTML Tools (202.7660.26), Perforce (202.7660.26), Refactor-X (202.7660.26), Subversion (202.7660.26), XPathView + XSLT (202.7660.26), XSLT Debugger (202.7660.26), Smali Support (202.7660.26), IDE Settings Sync (202.7660.26), Configuration Script (202.7660.26), Copyright (202.7660.26), CSS (202.7660.26), W3C Validators (202.7660.26), Less (202.7660.26), Sass (202.7660.26), Stylus (202.7660.26), Gradle (202.7660.26), Java (202.7660.26), Bytecode Viewer (202.7660.26), JUnit (202.7660.26), ZKM-Unscramble (202.7660.26), Spring AOP/@AspectJ (202.7660.26), Dependency Structure Matrix (202.7660.26), Java IDE Customization (202.7660.26), Java Stream Debugger (202.7660.26), Eclipse Interoperability (202.7660.26), Java Bytecode Decompiler (202.7660.26), Recommenders for Java and Python (202.7660.26), macOS Light Theme (202.7660.26), Windows 10 Light Theme (202.7660.26), Properties (202.7660.26), Ant (202.7660.26), UML (202.7660.26), Guice (202.7660.26), Java Internationalization (202.7660.26), UI Designer (202.7660.26), Velocity (202.7660.26), Resource Bundle Editor (202.7660.26), Machine Learning Code Completion (202.7660.26), Task Management (202.7660.26), Time Tracking (202.7660.26), FTP/SFTP Connectivity (ex. Remote Hosts Access) (202.7660.26), Gherkin (202.7660.26), Cucumber for Java (202.7660.26), Mercurial (202.7660.26), Webp Support (202.7660.26), EditorConfig (202.7660.26), Haml (202.7660.26), Terminal (202.7660.26), Git (202.7660.26), ChangeReminder (202.7660.26), Next File Prediction (202.7660.26), GitHub (202.7660.26), Performance Testing (202.7660.26), Shared Indexes (202.7660.26), SSH Remote Run (202.7660.26), WSL Support Framework (202.7660.26), Shell Script (202.7660.26), TextMate Bundles (202.7660.26), YAML (202.7660.26), Docker (202.7660.26), Microservices Application Configuration (202.7660.26), Settings Repository (202.7660.26), IntelliLang (202.7660.26), TestNG (202.7660.26), Code Coverage for Java (202.7660.26), Emma (202.7660.26), Groovy (202.7660.26), Cucumber for Groovy (202.7660.26), Maven (202.7660.26), AspectJ (202.7660.26), Gradle-Java (202.7660.26), Plugin DevKit (202.7660.26), Gradle Extension (202.7660.26), Frameworks Starters (202.7660.26), Gradle-Maven (202.7660.26), Reactive Streams (Reactor, RxJava) (202.7660.26), JavaFX (202.7660.26), Markdown (202.7660.26), Grazie (202.7660.26), JavaScript and TypeScript (202.7660.26), JavaScript Intention Power Pack (202.7660.26), TSLint (202.7660.26), Angular and AngularJS (202.7660.26), Database Tools and SQL (202.7660.26), Java SQL Libraries (202.7660.26), Persistence Frameworks (202.7660.26), Java EE Platform (202.7660.26), JavaScript Debugger (202.7660.26), Node.js (202.7660.26), Spy-js (202.7660.26), CoffeeScript (202.7660.26), Kotlin (1.3.72-release-IJ2020.1-6), Android (10.4.0.202.7660.26), Java EE: Persistence (JPA) (202.7660.26), Java EE: Enterprise Java Beans (EJB) (202.7660.26), Hibernate (202.7660.26), Java EE: Bean Validation (202.7660.26), Java EE: Contexts and Dependency Injection (CDI) (202.7660.26), Helidon (202.7660.26), Java EE: Batch Applications (202.7660.26), Java EE: Application Servers Integration (202.7660.26), GlassFish (202.7660.26), WildFly (202.7660.26), Debugger Support for JSP (JSR45) (202.7660.26), Jetty (202.7660.26), Tomcat and TomEE (202.7660.26), WebSphere (202.7660.26), WebLogic (202.7660.26), Java EE: Web/Servlets (202.7660.26), Java Server Pages (JSP) (202.7660.26), Java EE: Server Faces (JSF) (202.7660.26), Application Servers View (202.7660.26), Java EE: Message Service (JMS) (202.7660.26), Java EE: WebSockets (202.7660.26), JBoss Frameworks Base (202.7660.26), Drools (202.7660.26), Arquillian (202.7660.26), Java EE: Gradle Integration (202.7660.26), Spring (202.7660.26), Spring Security (202.7660.26), Thymeleaf (202.7660.26), Spring Data (202.7660.26), Java EE: Web Services (JAX-WS) (202.7660.26), Spring Web Services (202.7660.26), Grails (202.7660.26), FreeMarker (202.7660.26), Spring Batch (202.7660.26), Spring Messaging (202.7660.26), Spring Integration Patterns (202.7660.26), Spring WebSocket (202.7660.26), Spring OSGi (202.7660.26), Maven Extension (202.7660.26), HTTP Client (202.7660.26), Spring MVC (202.7660.26), Spring Web Flow (202.7660.26), Spring Boot (202.7660.26), Java EE: RESTful Web Services (JAX-RS) (202.7660.26), Quarkus (202.7660.26), Micronaut (202.7660.26), Java HTTP Clients (202.7660.26), OpenAPI Specifications (202.7660.26) 
2021-06-06 16:36:43,874 [   1679]   INFO - llij.ide.plugins.PluginManager - Loaded custom plugins: Custom MybatisPlus Generator (1.0-SNAPSHOT) 
2021-06-06 16:36:44,052 [   1857]   INFO - cloudConfig.CloudConfigManager - === Exit: JBA_NOT_FOUND === 
2021-06-06 16:36:44,335 [   2140]   INFO - m.intellij.util.io.StorageLock - lower=100; upper=492; buffer=10; max=492 
2021-06-06 16:36:44,349 [   2154]   INFO - tellij.util.io.FileChannelUtil - un-interruptible FileChannel-s will be used for indexes 
2021-06-06 16:36:44,382 [   2187]   INFO - til.net.ssl.CertificateManager - Default SSL context initialized 
2021-06-06 16:36:44,444 [   2249]   WARN - j.internal.DebugAttachDetector - Unable to start DebugAttachDetector, please add `--add-exports java.base/jdk.internal.vm=ALL-UNNAMED` to VM options 
2021-06-06 16:36:44,462 [   2267]   INFO - cation.options.RegistryManager - Registry values changed by user: java.completion.argument.hints.internal = false 
2021-06-06 16:36:44,474 [   2279]   INFO - com.intellij.ide.ui.UISettings - Loaded: fontSize=13, fontScale=1.0; restored: fontSize=13, fontScale=1.0 
2021-06-06 16:36:44,512 [   2317]   INFO - rains.ide.BuiltInServerManager - built-in server started, port 63343 
2021-06-06 16:36:44,729 [   2534]   INFO - gs.impl.UpdateCheckerComponent - channel: release 
2021-06-06 16:36:44,798 [   2603]   INFO - atform.impl.SharedIndexStorage - Shared Indexes Storage is opened: <empty> 
2021-06-06 16:36:45,020 [   2825]   INFO - BridgeProjectLifecycleListener - Using legacy project model to open project 
2021-06-06 16:36:45,460 [   3265]   INFO - pl.local.NativeFileWatcherImpl - Starting file watcher: E:\Warehouse\caches\modules-2\files-2.1\com.jetbrains.intellij.idea\ideaIU\2020.2.3\5d73e54c0f8f8bc6122ef8f066a640e44b9bef1a\ideaIU-2020.2.3\bin\win\fsnotifier64.exe 
2021-06-06 16:36:45,525 [   3330]   INFO - pl.local.NativeFileWatcherImpl - Native file watcher is operational. 
2021-06-06 16:36:46,151 [   3956]   INFO - rojectCodeStyleSettingsManager - Initialized from default code style settings. 
2021-06-06 16:36:46,310 [   4115]   WARN - Container.ComponentManagerImpl - Do not use constructor injection (requestorClass=org.jetbrains.android.compose.AndroidComposeAutoDocumentation) 
2021-06-06 16:36:46,354 [   4159]   INFO - penapi.application.Experiments - Experimental features enabled for user: wsl.p9.support, wsl.p9.show.roots.in.file.chooser, inline.browse.button, linux.native.menu, recent.and.edited.files.together, show.create.new.element.in.popup, copy.reference.popup, new.large.text.file.viewer, property.value.inplace.editing, terminal.shell.command.handling 
2021-06-06 16:36:47,342 [   5147]   INFO - j.ide.script.IdeStartupScripts - 0 startup script(s) found 
2021-06-06 16:36:47,431 [   5236]   WARN - tartup.impl.StartupManagerImpl - Activities registered via registerPostStartupActivity must be dumb-aware: org.jetbrains.kotlin.idea.configuration.ui.KotlinConfigurationCheckerComponent$projectOpened$1@6809d88 
2021-06-06 16:36:48,087 [   5892]   INFO - llij.database.util.SqlDialects - SQL dialects initialized in 1 ms 
2021-06-06 16:36:48,941 [   6746]   INFO - leBasedIndexDataInitialization - Initialization done: 4413 
2021-06-06 16:36:49,875 [   7680]   INFO -              PerformancePlugin - Performance Plugin is in silent mode 
2021-06-06 16:36:50,474 [   8279]   INFO - exImpl$StubIndexInitialization - Initialization done: 1533 
2021-06-06 16:36:50,678 [   8483]   INFO - ge.ExternalProjectsDataStorage - Load external projects data in 6 millis (read time: 3) 
2021-06-06 16:36:50,698 [   8503]   INFO - cloudConfig.CloudConfigManager - === StatusBar ignored === 
2021-06-06 16:36:50,868 [   8673]   INFO - .OnDiskSharedIndexChunkLocator - Scanning D:\CustomProject\mybatis-custom-plugin\idea-sandbox\system\shared-index for shared indexes... 
2021-06-06 16:36:51,007 [   8812]   INFO - CompilerWorkspaceConfiguration - Available processors: 12 
2021-06-06 16:36:51,528 [   9333]   INFO - ProjectRootPostStartUpActivity - D:/project/test_project/empty/.idea case-sensitivity: expected=false actual=false 
2021-06-06 16:36:51,629 [   9434]   INFO - roject.DumbServiceGuiTaskQueue - Running dumb mode task: com.intellij.util.indexing.UnindexedFilesUpdater@607ec328 
2021-06-06 16:36:51,936 [   9741]   INFO - .diagnostic.PerformanceWatcher - Post-startup activities under progress took 1793ms; general responsiveness: ok; EDT responsiveness: 1/1 sluggish 
2021-06-06 16:36:52,704 [  10509]   INFO - .diagnostic.PerformanceWatcher - Pushing properties took 1071ms; general responsiveness: ok; EDT responsiveness: 0/1 sluggish, 1/1 very slow 
2021-06-06 16:36:52,791 [  10596]   INFO - tor.impl.FileEditorManagerImpl - Project opening took 7882 ms 
2021-06-06 16:36:52,876 [  10681]   INFO - ots.impl.jdkDownloader.JdkAuto - Looking for a local SDK for JDK with name com.intellij.openapi.projectRoots.impl.UnknownInvalidSdk@4220cc57 
2021-06-06 16:36:53,140 [  10945]   WARN - com.intellij.util.xmlb.Binding - no accessors for org.jetbrains.kotlin.idea.highlighter.KotlinDefaultHighlightingSettingsProvider 
2021-06-06 16:36:53,352 [  11157]   INFO - .diagnostic.PerformanceWatcher - Indexable file iteration took 647ms; general responsiveness: ok; EDT responsiveness: ok 
2021-06-06 16:36:53,364 [  11169]   INFO - indexing.UnindexedFilesUpdater - Unindexed files update started: 0 files to index 
2021-06-06 16:36:53,369 [  11174]   INFO - roject.DumbServiceGuiTaskQueue - Running dumb mode task: com.intellij.util.indexing.FileBasedIndexProjectHandler$2@3c66a399 [Project(name=empty, containerState=ACTIVE, componentStore=D:\project\test_project\empty), %project_path%/../../../CustomProject/mybatis-custom-plugin/idea-sandbox/config/consoles/db/027a99d0-4c3f-48a3-a094-81a9d6c6329f/console.sql] 
2021-06-06 16:36:53,423 [  11228]   INFO - g.FileBasedIndexProjectHandler - Reindexing refreshed files: 1 to update, calculated in 52ms 
2021-06-06 16:36:53,423 [  11228]   INFO - g.FileBasedIndexProjectHandler - Using 4 threads for indexing 
2021-06-06 16:36:53,535 [  11340]   INFO - .diagnostic.PerformanceWatcher - Reindexing refreshed files took 112ms; general responsiveness: ok; EDT responsiveness: ok 
2021-06-06 16:36:53,539 [  11344]   INFO - penapi.project.DumbServiceImpl - updateFinished 
2021-06-06 16:36:53,543 [  11348]   INFO - g.FileBasedIndexProjectHandler - Has changed files: false; project=Project(name=empty, containerState=ACTIVE, componentStore=D:\project\test_project\empty) 
2021-06-06 16:36:53,667 [  11472]   INFO - roject.DumbServiceGuiTaskQueue - Running dumb mode task: com.android.tools.idea.res.ResourceFolderRepositoryFileCacheImpl$PruneTask@53c18de7 
2021-06-06 16:36:53,670 [  11475]   INFO - roject.DumbServiceGuiTaskQueue - Running dumb mode task: com.android.tools.idea.res.ResourceFolderRepositoryFileCacheImpl$ManageLruProjectFilesTask@203f9b63 
2021-06-06 16:36:53,788 [  11593]   INFO - penapi.project.DumbServiceImpl - updateFinished 
2021-06-06 16:36:53,790 [  11595]   INFO - g.FileBasedIndexProjectHandler - Has changed files: false; project=Project(name=empty, containerState=ACTIVE, componentStore=D:\project\test_project\empty) 
2021-06-06 16:36:53,843 [  11648]   INFO - roject.DumbServiceGuiTaskQueue - Running dumb mode task: com.android.tools.idea.res.ResourceFolderRegistry$PopulateCachesTask@457d41aa 
2021-06-06 16:36:53,975 [  11780]   INFO - penapi.project.DumbServiceImpl - updateFinished 
2021-06-06 16:36:53,976 [  11781]   INFO - g.FileBasedIndexProjectHandler - Has changed files: false; project=Project(name=empty, containerState=ACTIVE, componentStore=D:\project\test_project\empty) 
2021-06-06 16:36:55,114 [  12919]   INFO - .diagnostic.PerformanceWatcher - Searching for external libraries with Android resources. Found 0 libraries. took 15ms; general responsiveness: ok; EDT responsiveness: ok 
2021-06-06 16:36:57,383 [  15188]   INFO - gnostic.WindowsDefenderChecker - Windows Defender status: not used 
2021-06-06 16:37:04,498 [  22303]   INFO - .openapi.util.LowMemoryWatcher - Low memory signal received: afterGc=false 
2021-06-06 16:37:14,979 [  32784]   INFO - nSession$CountedThreadExecutor - DbSrcWriter stopped 
2021-06-06 16:37:27,718 [  45523]   INFO - ution.rmi.RemoteProcessSupport - E:\Warehouse\caches\modules-2\files-2.1\com.jetbrains\jbre\jbr-11_0_8-windows-x64-b944.34\jbr\bin\java -Djava.rmi.server.hostname=127.0.0.1 -Duser.timezone=UTC -Xmx512m -Xms256m -Dfile.encoding=UTF-8 -classpath E:\Warehouse\caches\modules-2\files-2.1\com.jetbrains.intellij.idea\ideaIU\2020.2.3\5d73e54c0f8f8bc6122ef8f066a640e44b9bef1a\ideaIU-2020.2.3\lib\util.jar;E:\Warehouse\caches\modules-2\files-2.1\com.jetbrains.intellij.idea\ideaIU\2020.2.3\5d73e54c0f8f8bc6122ef8f066a640e44b9bef1a\ideaIU-2020.2.3\lib\trove4j.jar;E:\Warehouse\caches\modules-2\files-2.1\com.jetbrains.intellij.idea\ideaIU\2020.2.3\5d73e54c0f8f8bc6122ef8f066a640e44b9bef1a\ideaIU-2020.2.3\lib\groovy-2.5.11.jar;E:\Warehouse\caches\modules-2\files-2.1\com.jetbrains.intellij.idea\ideaIU\2020.2.3\5d73e54c0f8f8bc6122ef8f066a640e44b9bef1a\ideaIU-2020.2.3\plugins\DatabaseTools\lib\jdbc-console.jar;E:\Warehouse\com\oracle\ojdbc7\12.1.0.1.0\ojdbc7-12.1.0.1.0.jar com.intellij.database.remote.RemoteJdbcServer oracle.jdbc.OracleDriver 
2021-06-06 16:37:28,832 [  46637]   INFO - ution.rmi.RemoteProcessSupport - Port/ID: 55906/RemoteDriverImpl7f44e049 
2021-06-06 16:37:29,142 [  46947]   INFO - atabaseCredentialsAuthProvider - Connecting as: wfadmin 
2021-06-06 16:37:29,144 [  46949]   INFO - .DatabaseConnectionEstablisher - Connecting to: jdbc:oracle:thin:@59.110.229.141:1521/iomdb 
2021-06-06 16:40:02,230 [ 200035]   WARN - ution.rmi.RemoteProcessSupport - java.rmi.ConnectIOException: error during JRMP connection establishment; nested exception is: 
2021-06-06 16:40:02,235 [ 200040]   WARN - ution.rmi.RemoteProcessSupport - java.net.SocketTimeoutException: Read timed out 
2021-06-06 16:40:02,236 [ 200041]   WARN - ution.rmi.RemoteProcessSupport - at java.rmi/sun.rmi.transport.tcp.TCPChannel.createConnection(TCPChannel.java:300) 
2021-06-06 16:40:02,237 [ 200042]   WARN - ution.rmi.RemoteProcessSupport - at java.rmi/sun.rmi.transport.tcp.TCPChannel.newConnection(TCPChannel.java:196) 
2021-06-06 16:40:02,237 [ 200042]   WARN - ution.rmi.RemoteProcessSupport - at java.rmi/sun.rmi.server.UnicastRef.invoke(UnicastRef.java:132) 
2021-06-06 16:40:02,237 [ 200042]   WARN - ution.rmi.RemoteProcessSupport - at java.rmi/java.rmi.server.RemoteObjectInvocationHandler.invokeRemoteMethod(RemoteObjectInvocationHandler.java:217) 
2021-06-06 16:40:02,237 [ 200042]   WARN - ution.rmi.RemoteProcessSupport - at java.rmi/java.rmi.server.RemoteObjectInvocationHandler.invoke(RemoteObjectInvocationHandler.java:162) 
2021-06-06 16:40:02,237 [ 200042]   WARN - ution.rmi.RemoteProcessSupport - at com.sun.proxy.$Proxy3.ping(Unknown Source) 
2021-06-06 16:40:02,237 [ 200042]   WARN - ution.rmi.RemoteProcessSupport - at com.intellij.execution.rmi.RemoteServer.start(RemoteServer.java:94) 
2021-06-06 16:40:02,237 [ 200042]   WARN - ution.rmi.RemoteProcessSupport - at com.intellij.database.remote.RemoteJdbcServerBase.start(RemoteJdbcServerBase.java:11) 
2021-06-06 16:40:02,237 [ 200042]   WARN - ution.rmi.RemoteProcessSupport - at com.intellij.database.remote.RemoteJdbcServer.main(RemoteJdbcServer.java:15) 
2021-06-06 16:40:02,238 [ 200043]   WARN - ution.rmi.RemoteProcessSupport - Caused by: java.net.SocketTimeoutException: Read timed out 
2021-06-06 16:40:02,238 [ 200043]   WARN - ution.rmi.RemoteProcessSupport - at java.base/java.net.SocketInputStream.socketRead0(Native Method) 
2021-06-06 16:40:02,238 [ 200043]   WARN - ution.rmi.RemoteProcessSupport - at java.base/java.net.SocketInputStream.socketRead(SocketInputStream.java:115) 
2021-06-06 16:40:02,238 [ 200043]   WARN - ution.rmi.RemoteProcessSupport - at java.base/java.net.SocketInputStream.read(SocketInputStream.java:168) 
2021-06-06 16:40:02,238 [ 200043]   WARN - ution.rmi.RemoteProcessSupport - at java.base/java.net.SocketInputStream.read(SocketInputStream.java:140) 
2021-06-06 16:40:02,238 [ 200043]   WARN - ution.rmi.RemoteProcessSupport - at java.base/java.io.BufferedInputStream.fill(BufferedInputStream.java:252) 
2021-06-06 16:40:02,238 [ 200043]   WARN - ution.rmi.RemoteProcessSupport - at java.base/java.io.BufferedInputStream.read(BufferedInputStream.java:271) 
2021-06-06 16:40:02,238 [ 200043]   WARN - ution.rmi.RemoteProcessSupport - at java.base/java.io.DataInputStream.readByte(DataInputStream.java:270) 
2021-06-06 16:40:02,238 [ 200043]   WARN - ution.rmi.RemoteProcessSupport - at java.rmi/sun.rmi.transport.tcp.TCPChannel.createConnection(TCPChannel.java:239) 
2021-06-06 16:40:02,238 [ 200043]   WARN - ution.rmi.RemoteProcessSupport - ... 8 more 
2021-06-06 16:40:02,240 [ 200045]   INFO - ution.rmi.RemoteProcessSupport - Process finished with exit code 1 
2021-06-06 16:51:19,936 [ 877741]   WARN - .diagnostic.PerformanceWatcher - UI was frozen for 318875ms, details saved to D:\CustomProject\mybatis-custom-plugin\idea-sandbox\system\log\threadDumps-freeze-20210606-164652-IU-202.7660.26-ClipboardSynchronizer_ClipboardHandler.areDataFlavorsAvailable-318sec 
2021-06-06 16:51:42,917 [ 900722]   WARN - .diagnostic.PerformanceWatcher - UI was frozen for 22772ms, details saved to D:\CustomProject\mybatis-custom-plugin\idea-sandbox\system\log\threadDumps-freeze-20210606-165127-IU-202.7660.26-SystemFlavorMap_SoftCache.check-22sec 
2021-06-06 16:51:53,365 [ 911170]   WARN - .diagnostic.PerformanceWatcher - UI was frozen for 10442ms, details saved to D:\CustomProject\mybatis-custom-plugin\idea-sandbox\system\log\threadDumps-freeze-20210606-165147-IU-202.7660.26-EditorGutterComponentImpl.getWhitespaceSeparatorOffset-10sec 
2021-06-06 17:47:15,583 [4233388]   INFO -                         STDERR - Exception "java.lang.ClassNotFoundException: com/intellij/codeInsight/editorActions/ReferenceData"while constructing DataFlavor for: application/x-java-jvm-local-objectref; class=com.intellij.codeInsight.editorActions.ReferenceData 
2021-06-06 17:47:15,584 [4233389]   INFO -                         STDERR - Exception "java.lang.ClassNotFoundException: com/intellij/codeInsight/editorActions/ReferenceData"while constructing DataFlavor for: application/x-java-jvm-local-objectref; class=com.intellij.codeInsight.editorActions.ReferenceData 
2021-06-06 17:54:06,940 [4644745]   INFO - rationStore.ComponentStoreImpl - Saving appFileTypeManager took 14 ms 
2021-06-06 17:54:09,975 [4647780]   WARN - ion.impl.NotificationCollector - Notification group 'Heap Dump Analysis' is already registered in whitelist 
2021-06-06 17:54:09,975 [4647780]   WARN - ion.impl.NotificationCollector - Notification group 'Low Memory' is already registered in whitelist 
2021-06-06 17:54:10,040 [4647845]   WARN - com.intellij.util.xmlb.Binding - no accessors for org.jetbrains.kotlin.idea.core.script.configuration.utils.ScriptClassRootsStorage 
2021-06-06 17:54:10,074 [4647879]   INFO - rationStore.ComponentStoreImpl - Saving Project(name=empty, containerState=ACTIVE, componentStore=D:\project\test_project\empty)XDebuggerManager took 12 ms 
2021-06-06 17:54:10,142 [4647947]   INFO - mponents.impl.stores.StoreUtil - saveProjectsAndApp took 3740351 ms 
2021-06-06 17:54:10,211 [4648016]   INFO - .diagnostic.PerformanceWatcher - Searching for external libraries with Android resources. Found 0 libraries. took 0ms; general responsiveness: ok; EDT responsiveness: ok 
2021-06-06 17:54:11,268 [4649073]   INFO - pl.local.NativeFileWatcherImpl - Watcher terminated with exit code 0 
2021-06-06 17:54:11,284 [4649089]   INFO - .impl.FileTypeDetectionService - 0 auto-detected files. Detection took 0 ms 
2021-06-06 17:54:11,286 [4649091]   INFO - org.jetbrains.io.BuiltInServer - web server stopped 
2021-06-06 17:54:11,295 [4649100]   INFO - il.indexing.FileBasedIndexImpl - START INDEX SHUTDOWN 
2021-06-06 17:54:11,362 [4649167]   INFO - tellij.psi.stubs.StubIndexImpl - StubIndexExtension-s were unloaded 
2021-06-06 17:54:11,368 [4649173]   INFO - redIndexChunkConfigurationImpl - Shared index chunks shutdown was performed successful 
2021-06-06 17:54:11,369 [4649174]   INFO - il.indexing.FileBasedIndexImpl - END INDEX SHUTDOWN 
2021-06-06 17:54:11,369 [4649174]   INFO - newvfs.persistent.PersistentFS - VFS dispose started 
2021-06-06 17:54:11,374 [4649179]   INFO - newvfs.persistent.PersistentFS - VFS dispose completed 
2021-06-06 17:54:11,374 [4649179]   INFO - stubs.SerializationManagerImpl - Start shutting down D:\CustomProject\mybatis-custom-plugin\idea-sandbox\system\index\rep.names 
2021-06-06 17:54:11,374 [4649179]   INFO - stubs.SerializationManagerImpl - Finished shutting down D:\CustomProject\mybatis-custom-plugin\idea-sandbox\system\index\rep.names 
2021-06-06 17:54:11,376 [4649181]   INFO - plication.impl.ApplicationImpl - Write action Statistics:
Event number:     25
Total time spent: 1270ms
Average duration: 50ms
Median  duration: 5ms
Max     duration: 549ms (it was 'write action (class com.intellij.openapi.vfs.newvfs.RefreshSessionImpl$$Lambda$2741/0x0000000101c46c40)') 
2021-06-06 17:54:11,377 [4649182]   INFO - plication.impl.ApplicationImpl - AnAction.update() Statistics:
Event number:     4212
Total time spent: 364ms
Average duration: 0ms
Median  duration: 0ms
Max     duration: 207ms (it was 'Debug action update (class com.intellij.execution.ExecutorRegistryImpl$ExecutorAction)') 
2021-06-06 17:54:11,377 [4649182]   INFO - plication.impl.ApplicationImpl - Global instance threads created counter = 53; ProcessIOExecutorService threads: 6 
2021-06-06 17:54:11,378 [4649183]   INFO -        #com.intellij.idea.Main - ------------------------------------------------------ IDE SHUTDOWN ------------------------------------------------------ 
2021-06-06 17:54:11,381 [4649186]   INFO - org.jetbrains.io.BuiltInServer - web server stopped 
